<?xml version="1.0" encoding="UTF-8"?>
<!DOCTYPE images PUBLIC "-//SPRING//DTD BEAN//EN"
 "http://www.trailmagic.com/dtd/images.dtd">

<images>
  <roll>
    <name>import-roll</name>
    <display-name>Import Roll</display-name>
    <description>A roll created for testing.</description>
    <owner>oliver</owner>
  </roll>
  <image>
    <name>oliver-suit-1</name>
    <display-name>Me in a suit</display-name>
    <caption>lookin' snazzy</caption>
    <copyright>Copyright 2004</copyright>
    <creator>Oliver Stewart</creator>
    <owner>oliver</owner>
    <photo-data>
      <notes></notes>
      <capture-date>2004-06-12</capture-date>
      <roll-name>vanity</roll-name>
      <frame-number>1</frame-number>
    </photo-data>
  </image>
</images>